\BOOKMARK [1][-]{section.1}{\376\377\000I\000n\000t\000r\000o\000d\000u\000c\000t\000i\000o\000n}{}% 1
\BOOKMARK [1][-]{section.2}{\376\377\000B\000a\000c\000k\000g\000r\000o\000u\000n\000d\000\040\000a\000n\000d\000\040\000R\000e\000l\000a\000t\000e\000d\000\040\000W\000o\000r\000k}{}% 2
\BOOKMARK [2][-]{subsection.2.1}{\376\377\000T\000h\000e\000\040\000T\000r\000a\000n\000s\000f\000o\000r\000m\000e\000r\000\040\000A\000r\000c\000h\000i\000t\000e\000c\000t\000u\000r\000e}{section.2}% 3
\BOOKMARK [2][-]{subsection.2.2}{\376\377\000S\000y\000s\000t\000e\000m\000s\000\040\000O\000p\000t\000i\000m\000i\000z\000a\000t\000i\000o\000n\000\040\000f\000o\000r\000\040\000D\000e\000e\000p\000\040\000L\000e\000a\000r\000n\000i\000n\000g}{section.2}% 4
\BOOKMARK [1][-]{section.3}{\376\377\000T\000h\000e\000o\000r\000e\000t\000i\000c\000a\000l\000\040\000F\000r\000a\000m\000e\000w\000o\000r\000k}{}% 5
\BOOKMARK [2][-]{subsection.3.1}{\376\377\000R\000o\000o\000f\000l\000i\000n\000e\000\040\000M\000o\000d\000e\000l\000\040\000A\000n\000a\000l\000y\000s\000i\000s}{section.3}% 6
\BOOKMARK [2][-]{subsection.3.2}{\376\377\000C\000a\000c\000h\000e\000\040\000L\000i\000n\000e\000\040\000A\000l\000i\000g\000n\000m\000e\000n\000t}{section.3}% 7
\BOOKMARK [1][-]{section.4}{\376\377\000S\000y\000s\000t\000e\000m\000\040\000A\000r\000c\000h\000i\000t\000e\000c\000t\000u\000r\000e}{}% 8
\BOOKMARK [2][-]{subsection.4.1}{\376\377\000T\000e\000n\000s\000o\000r\000\040\000V\000i\000r\000t\000u\000a\000l\000i\000z\000a\000t\000i\000o\000n\000\040\000v\000i\000a\000\040\000A\000d\000d\000r\000e\000s\000s\000\040\000M\000a\000p\000p\000i\000n\000g}{section.4}% 9
\BOOKMARK [2][-]{subsection.4.2}{\376\377\000V\000i\000r\000t\000u\000a\000l\000\040\000R\000e\000g\000i\000s\000t\000e\000r\000\040\000F\000i\000l\000e\000\040\000\050\000R\000u\000n\000S\000t\000a\000t\000e\000\051}{section.4}% 10
\BOOKMARK [1][-]{section.5}{\376\377\000I\000m\000p\000l\000e\000m\000e\000n\000t\000a\000t\000i\000o\000n\000\040\000C\000h\000a\000l\000l\000e\000n\000g\000e\000s}{}% 11
\BOOKMARK [2][-]{subsection.5.1}{\376\377\000A\000r\000c\000h\000i\000t\000e\000c\000t\000u\000r\000a\000l\000\040\000H\000e\000t\000e\000r\000o\000g\000e\000n\000e\000i\000t\000y\000:\000\040\000W\000e\000i\000g\000h\000t\000\040\000T\000y\000i\000n\000g}{section.5}% 12
\BOOKMARK [2][-]{subsection.5.2}{\376\377\000N\000u\000m\000e\000r\000i\000c\000a\000l\000\040\000S\000t\000a\000b\000i\000l\000i\000t\000y\000\040\000i\000n\000\040\000N\000E\000O\000N\000\040\000A\000c\000c\000u\000m\000u\000l\000a\000t\000i\000o\000n}{section.5}% 13
\BOOKMARK [1][-]{section.6}{\376\377\000S\000I\000M\000D\000\040\000K\000e\000r\000n\000e\000l\000\040\000I\000m\000p\000l\000e\000m\000e\000n\000t\000a\000t\000i\000o\000n}{}% 14
\BOOKMARK [2][-]{subsection.6.1}{\376\377\000M\000a\000t\000r\000i\000x\000-\000V\000e\000c\000t\000o\000r\000\040\000M\000u\000l\000t\000i\000p\000l\000i\000c\000a\000t\000i\000o\000n\000\040\000\050\000G\000E\000M\000V\000\051}{section.6}% 15
\BOOKMARK [2][-]{subsection.6.2}{\376\377\000R\000M\000S\000N\000o\000r\000m\000\040\000O\000p\000t\000i\000m\000i\000z\000a\000t\000i\000o\000n}{section.6}% 16
\BOOKMARK [1][-]{section.7}{\376\377\000E\000x\000p\000e\000r\000i\000m\000e\000n\000t\000a\000l\000\040\000E\000v\000a\000l\000u\000a\000t\000i\000o\000n}{}% 17
\BOOKMARK [2][-]{subsection.7.1}{\376\377\000S\000e\000t\000u\000p}{section.7}% 18
\BOOKMARK [2][-]{subsection.7.2}{\376\377\000T\000h\000r\000o\000u\000g\000h\000p\000u\000t\000\040\000A\000n\000a\000l\000y\000s\000i\000s}{section.7}% 19
\BOOKMARK [2][-]{subsection.7.3}{\376\377\000J\000i\000t\000t\000e\000r\000\040\000a\000n\000d\000\040\000T\000a\000i\000l\000\040\000L\000a\000t\000e\000n\000c\000y}{section.7}% 20
\BOOKMARK [1][-]{section.8}{\376\377\000D\000i\000s\000c\000u\000s\000s\000i\000o\000n}{}% 21
\BOOKMARK [2][-]{subsection.8.1}{\376\377\000T\000h\000e\000\040\000C\000o\000s\000t\000\040\000o\000f\000\040\000A\000b\000s\000t\000r\000a\000c\000t\000i\000o\000n}{section.8}% 22
\BOOKMARK [2][-]{subsection.8.2}{\376\377\000F\000u\000t\000u\000r\000e\000\040\000W\000o\000r\000k\000:\000\040\000Q\000u\000a\000n\000t\000i\000z\000a\000t\000i\000o\000n}{section.8}% 23
\BOOKMARK [1][-]{section.9}{\376\377\000I\000m\000p\000l\000i\000c\000a\000t\000i\000o\000n\000s\000\040\000f\000o\000r\000\040\000C\000o\000m\000p\000u\000t\000a\000t\000i\000o\000n\000a\000l\000\040\000L\000i\000n\000g\000u\000i\000s\000t\000i\000c\000s}{}% 24
\BOOKMARK [2][-]{subsection.9.1}{\376\377\000E\000n\000a\000b\000l\000i\000n\000g\000\040\000A\000d\000v\000a\000n\000c\000e\000d\000\040\000D\000e\000c\000o\000d\000i\000n\000g\000\040\000S\000t\000r\000a\000t\000e\000g\000i\000e\000s}{section.9}% 25
\BOOKMARK [2][-]{subsection.9.2}{\376\377\000L\000a\000t\000e\000n\000c\000y\000\040\000a\000n\000d\000\040\000S\000e\000m\000a\000n\000t\000i\000c\000\040\000C\000o\000h\000e\000r\000e\000n\000c\000e}{section.9}% 26
\BOOKMARK [2][-]{subsection.9.3}{\376\377\000F\000u\000t\000u\000r\000e\000:\000\040\000L\000i\000n\000g\000u\000i\000s\000t\000i\000c\000s\000-\000A\000w\000a\000r\000e\000\040\000Q\000u\000a\000n\000t\000i\000z\000a\000t\000i\000o\000n}{section.9}% 27
\BOOKMARK [1][-]{section.10}{\376\377\000E\000n\000e\000r\000g\000y\000\040\000E\000f\000f\000i\000c\000i\000e\000n\000c\000y\000\040\000A\000n\000a\000l\000y\000s\000i\000s}{}% 28
\BOOKMARK [2][-]{subsection.10.1}{\376\377\000J\000o\000u\000l\000e\000s\000\040\000p\000e\000r\000\040\000T\000o\000k\000e\000n}{section.10}% 29
\BOOKMARK [2][-]{subsection.10.2}{\376\377\000T\000h\000e\000r\000m\000a\000l\000\040\000T\000h\000r\000o\000t\000t\000l\000i\000n\000g\000\040\000S\000t\000a\000b\000i\000l\000i\000t\000y}{section.10}% 30
\BOOKMARK [1][-]{section.11}{\376\377\000E\000x\000t\000e\000n\000d\000e\000d\000\040\000O\000p\000t\000i\000m\000i\000z\000a\000t\000i\000o\000n\000\040\000T\000e\000c\000h\000n\000i\000q\000u\000e\000s}{}% 31
\BOOKMARK [2][-]{subsection.11.1}{\376\377\000I\000n\000s\000t\000r\000u\000c\000t\000i\000o\000n\000\040\000L\000e\000v\000e\000l\000\040\000P\000a\000r\000a\000l\000l\000e\000l\000i\000s\000m\000\040\000\050\000I\000L\000P\000\051}{section.11}% 32
\BOOKMARK [2][-]{subsection.11.2}{\376\377\000F\000u\000l\000l\000\040\000R\000M\000S\000N\000o\000r\000m\000\040\000K\000e\000r\000n\000e\000l\000\040\000L\000i\000s\000t\000i\000n\000g}{section.11}% 33
\BOOKMARK [1][-]{appendix.A}{\376\377\000A\000r\000t\000i\000f\000a\000c\000t\000\040\000E\000v\000a\000l\000u\000a\000t\000i\000o\000n}{}% 34
\BOOKMARK [2][-]{subsection.A.1}{\376\377\000A\000b\000s\000t\000r\000a\000c\000t}{appendix.A}% 35
\BOOKMARK [2][-]{subsection.A.2}{\376\377\000D\000e\000s\000c\000r\000i\000p\000t\000i\000o\000n}{appendix.A}% 36
\BOOKMARK [3][-]{subsubsection.A.2.1}{\376\377\000C\000h\000e\000c\000k\000-\000l\000i\000s\000t\000\040\000\050\000A\000r\000t\000i\000f\000a\000c\000t\000\040\000M\000e\000t\000a\000\040\000I\000n\000f\000o\000r\000m\000a\000t\000i\000o\000n\000\051}{subsection.A.2}% 37
\BOOKMARK [2][-]{subsection.A.3}{\376\377\000I\000n\000s\000t\000a\000l\000l\000a\000t\000i\000o\000n}{appendix.A}% 38
\BOOKMARK [3][-]{subsubsection.A.3.1}{\376\377\000C\000l\000o\000n\000i\000n\000g\000\040\000t\000h\000e\000\040\000R\000e\000p\000o\000s\000i\000t\000o\000r\000y}{subsection.A.3}% 39
\BOOKMARK [2][-]{subsection.A.4}{\376\377\000A\000r\000t\000i\000f\000a\000c\000t\000\040\000A\000v\000a\000i\000l\000a\000b\000i\000l\000i\000t\000y}{appendix.A}% 40
\BOOKMARK [2][-]{subsection.A.5}{\376\377\000E\000x\000p\000e\000r\000i\000m\000e\000n\000t\000\040\000W\000o\000r\000k\000f\000l\000o\000w}{appendix.A}% 41
\BOOKMARK [3][-]{subsubsection.A.5.1}{\376\377\000C\000o\000m\000p\000i\000l\000a\000t\000i\000o\000n}{subsection.A.5}% 42
\BOOKMARK [3][-]{subsubsection.A.5.2}{\376\377\000E\000x\000e\000c\000u\000t\000i\000o\000n}{subsection.A.5}% 43
\BOOKMARK [3][-]{subsubsection.A.5.3}{\376\377\000V\000i\000s\000u\000a\000l\000i\000z\000a\000t\000i\000o\000n}{subsection.A.5}% 44
\BOOKMARK [2][-]{subsection.A.6}{\376\377\000N\000o\000t\000e\000s\000\040\000o\000n\000\040\000L\000i\000n\000u\000x\000\040\000C\000o\000m\000p\000a\000t\000i\000b\000i\000l\000i\000t\000y}{appendix.A}% 45
